This file contains any messages produced by compilers while
running configure, to aid debugging if configure makes a mistake.

It was created by sqlcipher configure 3.7.17, which was
generated by GNU Autoconf 2.68.  Invocation command line was

  $ ./configure --enable-tempstore=yes CC=/usr/bin/gcc CFLAGS=-DSQLITE_HAS_CODEC -DSQLITE_TEMP_STORE=2

## --------- ##
## Platform. ##
## --------- ##

hostname = MacMini
uname -m = x86_64
uname -r = 12.4.0
uname -s = Darwin
uname -v = Darwin Kernel Version 12.4.0: Wed May  1 17:57:12 PDT 2013; root:xnu-2050.24.15~1/RELEASE_X86_64

/usr/bin/uname -p = i386
/bin/uname -X     = unknown

/bin/arch              = unknown
/usr/bin/arch -k       = unknown
/usr/convex/getsysinfo = unknown
/usr/bin/hostinfo      = Mach kernel version:
	 Darwin Kernel Version 12.4.0: Wed May  1 17:57:12 PDT 2013; root:xnu-2050.24.15~1/RELEASE_X86_64
Kernel configured for up to 2 processors.
2 processors are physically available.
2 processors are logically available.
Processor type: i486 (Intel 80486)
Processors active: 0 1
Primary memory available: 6.00 gigabytes
Default processor set: 173 tasks, 897 threads, 2 processors
Load average: 4.51, Mach factor: 0.38
/bin/machine           = unknown
/usr/bin/oslevel       = unknown
/bin/universe          = unknown

PATH: /Applications/Xcode.app/Contents/Developer/Toolchains/XcodeDefault.xctoolchain/usr/bin
PATH: /Applications/Xcode.app/Contents/Developer/Toolchains/XcodeDefault.xctoolchain/usr/libexec
PATH: /Applications/Xcode.app/Contents/Developer/Platforms/iPhoneSimulator.platform/Developer/usr/bin
PATH: /Applications/Xcode.app/Contents/Developer/Platforms/iPhoneSimulator.platform/Developer/usr/local/bin
PATH: /Applications/Xcode.app/Contents/Developer/Platforms/iPhoneSimulator.platform/usr/bin
PATH: /Applications/Xcode.app/Contents/Developer/Platforms/iPhoneSimulator.platform/usr/local/bin
PATH: /Applications/Xcode.app/Contents/Developer/usr/bin
PATH: /Applications/Xcode.app/Contents/Developer/usr/local/bin
PATH: /Applications/Xcode.app/Contents/Developer/Tools
PATH: /usr/bin
PATH: /bin
PATH: /usr/sbin
PATH: /sbin


## ----------- ##
## Core tests. ##
## ----------- ##

configure:2466: checking build system type
configure:2480: result: i386-apple-darwin12.4.0
configure:2500: checking host system type
configure:2513: result: i386-apple-darwin12.4.0
configure:2581: checking for gcc
configure:2608: result: /usr/bin/gcc
configure:2837: checking for C compiler version
configure:2846: /usr/bin/gcc --version >&5
i686-apple-darwin11-llvm-gcc-4.2 (GCC) 4.2.1 (Based on Apple Inc. build 5658) (LLVM build 2336.11.00)
Copyright (C) 2007 Free Software Foundation, Inc.
This is free software; see the source for copying conditions.  There is NO
warranty; not even for MERCHANTABILITY or FITNESS FOR A PARTICULAR PURPOSE.

configure:2857: $? = 0
configure:2846: /usr/bin/gcc -v >&5
Using built-in specs.
Target: i686-apple-darwin11
Configured with: /private/var/tmp/llvmgcc42/llvmgcc42-2336.11~67/src/configure --disable-checking --enable-werror --prefix=/Applications/Xcode.app/Contents/Developer/usr/llvm-gcc-4.2 --mandir=/share/man --enable-languages=c,objc,c++,obj-c++ --program-prefix=llvm- --program-transform-name=/^[cg][^.-]*$/s/$/-4.2/ --with-slibdir=/usr/lib --build=i686-apple-darwin11 --enable-llvm=/private/var/tmp/llvmgcc42/llvmgcc42-2336.11~67/dst-llvmCore/Developer/usr/local --program-prefix=i686-apple-darwin11- --host=x86_64-apple-darwin11 --target=i686-apple-darwin11 --with-gxx-include-dir=/usr/include/c++/4.2.1
Thread model: posix
gcc version 4.2.1 (Based on Apple Inc. build 5658) (LLVM build 2336.11.00)
configure:2857: $? = 0
configure:2846: /usr/bin/gcc -V >&5
llvm-gcc-4.2: argument to `-V' is missing
configure:2857: $? = 1
configure:2846: /usr/bin/gcc -qversion >&5
i686-apple-darwin11-llvm-gcc-4.2: no input files
configure:2857: $? = 1
configure:2877: checking whether the C compiler works
configure:2899: /usr/bin/gcc -DSQLITE_HAS_CODEC -DSQLITE_TEMP_STORE=2   conftest.c  >&5
configure:2903: $? = 0
configure:2951: result: yes
configure:2954: checking for C compiler default output file name
configure:2956: result: a.out
configure:2962: checking for suffix of executables
configure:2969: /usr/bin/gcc -o conftest -DSQLITE_HAS_CODEC -DSQLITE_TEMP_STORE=2   conftest.c  >&5
configure:2973: $? = 0
configure:2995: result: 
configure:3017: checking whether we are cross compiling
configure:3025: /usr/bin/gcc -o conftest -DSQLITE_HAS_CODEC -DSQLITE_TEMP_STORE=2   conftest.c  >&5
configure:3029: $? = 0
configure:3036: ./conftest
configure:3040: $? = 0
configure:3055: result: no
configure:3060: checking for suffix of object files
configure:3082: /usr/bin/gcc -c -DSQLITE_HAS_CODEC -DSQLITE_TEMP_STORE=2  conftest.c >&5
configure:3086: $? = 0
configure:3107: result: o
configure:3111: checking whether we are using the GNU C compiler
configure:3130: /usr/bin/gcc -c -DSQLITE_HAS_CODEC -DSQLITE_TEMP_STORE=2  conftest.c >&5
configure:3130: $? = 0
configure:3139: result: yes
configure:3148: checking whether /usr/bin/gcc accepts -g
configure:3168: /usr/bin/gcc -c -g  conftest.c >&5
configure:3168: $? = 0
configure:3209: result: yes
configure:3226: checking for /usr/bin/gcc option to accept ISO C89
configure:3290: /usr/bin/gcc  -c -DSQLITE_HAS_CODEC -DSQLITE_TEMP_STORE=2  conftest.c >&5
configure:3290: $? = 0
configure:3303: result: none needed
configure:3323: checking for a sed that does not truncate output
configure:3387: result: /usr/bin/sed
configure:3405: checking for grep that handles long lines and -e
configure:3463: result: /usr/bin/grep
configure:3468: checking for egrep
configure:3530: result: /usr/bin/grep -E
configure:3535: checking for fgrep
configure:3597: result: /usr/bin/grep -F
configure:3632: checking for ld used by /usr/bin/gcc
configure:3699: result: /usr/llvm-gcc-4.2/libexec/gcc/i686-apple-darwin11/4.2.1/ld
configure:3706: checking if the linker (/usr/llvm-gcc-4.2/libexec/gcc/i686-apple-darwin11/4.2.1/ld) is GNU ld
configure:3721: result: no
configure:3733: checking for BSD- or MS-compatible name lister (nm)
configure:3782: result: /Applications/Xcode.app/Contents/Developer/Toolchains/XcodeDefault.xctoolchain/usr/bin/nm
configure:3900: checking the name lister (/Applications/Xcode.app/Contents/Developer/Toolchains/XcodeDefault.xctoolchain/usr/bin/nm) interface
configure:3907: /usr/bin/gcc -c -DSQLITE_HAS_CODEC -DSQLITE_TEMP_STORE=2  conftest.c >&5
configure:3910: /Applications/Xcode.app/Contents/Developer/Toolchains/XcodeDefault.xctoolchain/usr/bin/nm "conftest.o"
configure:3913: output
0000000000000000 S _some_variable
configure:3920: result: BSD nm
configure:3923: checking whether ln -s works
configure:3927: result: yes
configure:3935: checking the maximum length of command line arguments
configure:4055: result: 196608
configure:4072: checking whether the shell understands some XSI constructs
configure:4082: result: yes
configure:4086: checking whether the shell understands "+="
configure:4092: result: yes
configure:4127: checking for /usr/llvm-gcc-4.2/libexec/gcc/i686-apple-darwin11/4.2.1/ld option to reload object files
configure:4134: result: -r
configure:4203: checking for objdump
configure:4233: result: no
configure:4262: checking how to recognize dependent libraries
configure:4458: result: pass_all
configure:4518: checking for ar
configure:4534: found /Applications/Xcode.app/Contents/Developer/Toolchains/XcodeDefault.xctoolchain/usr/bin/ar
configure:4545: result: ar
configure:4623: checking for strip
configure:4639: found /Applications/Xcode.app/Contents/Developer/Toolchains/XcodeDefault.xctoolchain/usr/bin/strip
configure:4650: result: strip
configure:4722: checking for ranlib
configure:4738: found /Applications/Xcode.app/Contents/Developer/Toolchains/XcodeDefault.xctoolchain/usr/bin/ranlib
configure:4749: result: ranlib
configure:4839: checking command to parse /Applications/Xcode.app/Contents/Developer/Toolchains/XcodeDefault.xctoolchain/usr/bin/nm output from /usr/bin/gcc object
configure:4957: /usr/bin/gcc -c -DSQLITE_HAS_CODEC -DSQLITE_TEMP_STORE=2  conftest.c >&5
configure:4960: $? = 0
configure:4964: /Applications/Xcode.app/Contents/Developer/Toolchains/XcodeDefault.xctoolchain/usr/bin/nm conftest.o \| sed -n -e 's/^.*[	 ]\([BCDEGRST][BCDEGRST]*\)[	 ][	 ]*\([_A-Za-z][_A-Za-z0-9]*\)$/\1 \2 \2/p' \> conftest.nm
configure:4967: $? = 0
cannot find nm_test_var in conftest.nm
configure:4957: /usr/bin/gcc -c -DSQLITE_HAS_CODEC -DSQLITE_TEMP_STORE=2  conftest.c >&5
configure:4960: $? = 0
configure:4964: /Applications/Xcode.app/Contents/Developer/Toolchains/XcodeDefault.xctoolchain/usr/bin/nm conftest.o \| sed -n -e 's/^.*[	 ]\([BCDEGRST][BCDEGRST]*\)[	 ][	 ]*_\([_A-Za-z][_A-Za-z0-9]*\)$/\1 _\2 \2/p' \> conftest.nm
configure:4967: $? = 0
configure:5021: /usr/bin/gcc -o conftest -DSQLITE_HAS_CODEC -DSQLITE_TEMP_STORE=2   conftest.c conftstm.o >&5
configure:5024: $? = 0
configure:5062: result: ok
configure:5327: checking for dsymutil
configure:5343: found /Applications/Xcode.app/Contents/Developer/Toolchains/XcodeDefault.xctoolchain/usr/bin/dsymutil
configure:5354: result: dsymutil
configure:5419: checking for nmedit
configure:5435: found /Applications/Xcode.app/Contents/Developer/Toolchains/XcodeDefault.xctoolchain/usr/bin/nmedit
configure:5446: result: nmedit
configure:5511: checking for lipo
configure:5527: found /Applications/Xcode.app/Contents/Developer/Toolchains/XcodeDefault.xctoolchain/usr/bin/lipo
configure:5538: result: lipo
configure:5603: checking for otool
configure:5619: found /Applications/Xcode.app/Contents/Developer/Toolchains/XcodeDefault.xctoolchain/usr/bin/otool
configure:5630: result: otool
configure:5695: checking for otool64
configure:5725: result: no
configure:5770: checking for -single_module linker flag
/usr/bin/gcc -DSQLITE_HAS_CODEC -DSQLITE_TEMP_STORE=2  -o libconftest.dylib -dynamiclib -Wl,-single_module conftest.c
configure:5797: result: yes
configure:5799: checking for -exported_symbols_list linker flag
configure:5819: /usr/bin/gcc -o conftest -DSQLITE_HAS_CODEC -DSQLITE_TEMP_STORE=2   -Wl,-exported_symbols_list,conftest.sym conftest.c  >&5
configure:5819: $? = 0
configure:5829: result: yes
configure:5871: checking how to run the C preprocessor
configure:5902: /usr/bin/gcc -E  conftest.c
configure:5902: $? = 0
configure:5916: /usr/bin/gcc -E  conftest.c
conftest.c:9:28: error: ac_nonexistent.h: No such file or directory
configure:5916: $? = 1
configure: failed program was:
| /* confdefs.h */
| #define PACKAGE_NAME "sqlcipher"
| #define PACKAGE_TARNAME "sqlcipher"
| #define PACKAGE_VERSION "3.7.17"
| #define PACKAGE_STRING "sqlcipher 3.7.17"
| #define PACKAGE_BUGREPORT ""
| #define PACKAGE_URL ""
| /* end confdefs.h.  */
| #include <ac_nonexistent.h>
configure:5941: result: /usr/bin/gcc -E
configure:5961: /usr/bin/gcc -E  conftest.c
configure:5961: $? = 0
configure:5975: /usr/bin/gcc -E  conftest.c
conftest.c:9:28: error: ac_nonexistent.h: No such file or directory
configure:5975: $? = 1
configure: failed program was:
| /* confdefs.h */
| #define PACKAGE_NAME "sqlcipher"
| #define PACKAGE_TARNAME "sqlcipher"
| #define PACKAGE_VERSION "3.7.17"
| #define PACKAGE_STRING "sqlcipher 3.7.17"
| #define PACKAGE_BUGREPORT ""
| #define PACKAGE_URL ""
| /* end confdefs.h.  */
| #include <ac_nonexistent.h>
configure:6004: checking for ANSI C header files
configure:6024: /usr/bin/gcc -c -DSQLITE_HAS_CODEC -DSQLITE_TEMP_STORE=2  conftest.c >&5
configure:6024: $? = 0
configure:6097: /usr/bin/gcc -o conftest -DSQLITE_HAS_CODEC -DSQLITE_TEMP_STORE=2   conftest.c  >&5
configure:6097: $? = 0
configure:6097: ./conftest
configure:6097: $? = 0
configure:6108: result: yes
configure:6121: checking for sys/types.h
configure:6121: /usr/bin/gcc -c -DSQLITE_HAS_CODEC -DSQLITE_TEMP_STORE=2  conftest.c >&5
configure:6121: $? = 0
configure:6121: result: yes
configure:6121: checking for sys/stat.h
configure:6121: /usr/bin/gcc -c -DSQLITE_HAS_CODEC -DSQLITE_TEMP_STORE=2  conftest.c >&5
configure:6121: $? = 0
configure:6121: result: yes
configure:6121: checking for stdlib.h
configure:6121: /usr/bin/gcc -c -DSQLITE_HAS_CODEC -DSQLITE_TEMP_STORE=2  conftest.c >&5
configure:6121: $? = 0
configure:6121: result: yes
configure:6121: checking for string.h
configure:6121: /usr/bin/gcc -c -DSQLITE_HAS_CODEC -DSQLITE_TEMP_STORE=2  conftest.c >&5
configure:6121: $? = 0
configure:6121: result: yes
configure:6121: checking for memory.h
configure:6121: /usr/bin/gcc -c -DSQLITE_HAS_CODEC -DSQLITE_TEMP_STORE=2  conftest.c >&5
configure:6121: $? = 0
configure:6121: result: yes
configure:6121: checking for strings.h
configure:6121: /usr/bin/gcc -c -DSQLITE_HAS_CODEC -DSQLITE_TEMP_STORE=2  conftest.c >&5
configure:6121: $? = 0
configure:6121: result: yes
configure:6121: checking for inttypes.h
configure:6121: /usr/bin/gcc -c -DSQLITE_HAS_CODEC -DSQLITE_TEMP_STORE=2  conftest.c >&5
configure:6121: $? = 0
configure:6121: result: yes
configure:6121: checking for stdint.h
configure:6121: /usr/bin/gcc -c -DSQLITE_HAS_CODEC -DSQLITE_TEMP_STORE=2  conftest.c >&5
configure:6121: $? = 0
configure:6121: result: yes
configure:6121: checking for unistd.h
configure:6121: /usr/bin/gcc -c -DSQLITE_HAS_CODEC -DSQLITE_TEMP_STORE=2  conftest.c >&5
configure:6121: $? = 0
configure:6121: result: yes
configure:6135: checking for dlfcn.h
configure:6135: /usr/bin/gcc -c -DSQLITE_HAS_CODEC -DSQLITE_TEMP_STORE=2  conftest.c >&5
configure:6135: $? = 0
configure:6135: result: yes
configure:6319: checking for objdir
configure:6334: result: .libs
configure:6626: checking if /usr/bin/gcc supports -fno-rtti -fno-exceptions
configure:6644: /usr/bin/gcc -c -DSQLITE_HAS_CODEC -DSQLITE_TEMP_STORE=2  -fno-rtti -fno-exceptions conftest.c >&5
cc1: warning: command line option "-fno-rtti" is valid for C++/ObjC++ but not for C
configure:6648: $? = 0
configure:6661: result: no
configure:6681: checking for /usr/bin/gcc option to produce PIC
configure:6953: result: -fno-common -DPIC
configure:6965: checking if /usr/bin/gcc PIC flag -fno-common -DPIC works
configure:6983: /usr/bin/gcc -c -DSQLITE_HAS_CODEC -DSQLITE_TEMP_STORE=2  -fno-common -DPIC -DPIC conftest.c >&5
configure:6987: $? = 0
configure:7000: result: yes
configure:7024: checking if /usr/bin/gcc static flag -static works
configure:7052: result: no
configure:7067: checking if /usr/bin/gcc supports -c -o file.o
configure:7088: /usr/bin/gcc -c -DSQLITE_HAS_CODEC -DSQLITE_TEMP_STORE=2  -o out/conftest2.o conftest.c >&5
configure:7092: $? = 0
configure:7114: result: yes
configure:7122: checking if /usr/bin/gcc supports -c -o file.o
configure:7169: result: yes
configure:7202: checking whether the /usr/bin/gcc linker (/usr/llvm-gcc-4.2/libexec/gcc/i686-apple-darwin11/4.2.1/ld) supports shared libraries
configure:8188: result: yes
configure:8427: checking dynamic linker characteristics
configure:9091: result: darwin12.4.0 dyld
configure:9193: checking how to hardcode library paths into programs
configure:9218: result: immediate
configure:9738: checking whether stripping libraries is possible
configure:9752: result: yes
configure:9778: checking if libtool supports shared libraries
configure:9780: result: yes
configure:9783: checking whether to build shared libraries
configure:9804: result: yes
configure:9807: checking whether to build static libraries
configure:9811: result: yes
configure:9860: checking for a BSD-compatible install
configure:9928: result: /usr/bin/install -c
configure:9943: checking for gawk
configure:9973: result: no
configure:9943: checking for mawk
configure:9973: result: no
configure:9943: checking for nawk
configure:9973: result: no
configure:9943: checking for awk
configure:9959: found /usr/bin/awk
configure:9970: result: awk
configure:9992: checking for special C compiler options needed for large files
configure:10037: result: no
configure:10043: checking for _FILE_OFFSET_BITS value needed for large files
configure:10068: /usr/bin/gcc -c -DSQLITE_HAS_CODEC -DSQLITE_TEMP_STORE=2  conftest.c >&5
configure:10068: $? = 0
configure:10100: result: no
configure:10186: checking for int8_t
configure:10186: /usr/bin/gcc -c -DSQLITE_HAS_CODEC -DSQLITE_TEMP_STORE=2  conftest.c >&5
configure:10186: $? = 0
configure:10186: /usr/bin/gcc -c -DSQLITE_HAS_CODEC -DSQLITE_TEMP_STORE=2  conftest.c >&5
conftest.c: In function 'main':
conftest.c:57: error: expected expression before ')' token
configure:10186: $? = 1
configure: failed program was:
| /* confdefs.h */
| #define PACKAGE_NAME "sqlcipher"
| #define PACKAGE_TARNAME "sqlcipher"
| #define PACKAGE_VERSION "3.7.17"
| #define PACKAGE_STRING "sqlcipher 3.7.17"
| #define PACKAGE_BUGREPORT ""
| #define PACKAGE_URL ""
| #define STDC_HEADERS 1
| #define HAVE_SYS_TYPES_H 1
| #define HAVE_SYS_STAT_H 1
| #define HAVE_STDLIB_H 1
| #define HAVE_STRING_H 1
| #define HAVE_MEMORY_H 1
| #define HAVE_STRINGS_H 1
| #define HAVE_INTTYPES_H 1
| #define HAVE_STDINT_H 1
| #define HAVE_UNISTD_H 1
| #define HAVE_DLFCN_H 1
| #define LT_OBJDIR ".libs/"
| /* end confdefs.h.  */
| #include <stdio.h>
| #ifdef HAVE_SYS_TYPES_H
| # include <sys/types.h>
| #endif
| #ifdef HAVE_SYS_STAT_H
| # include <sys/stat.h>
| #endif
| #ifdef STDC_HEADERS
| # include <stdlib.h>
| # include <stddef.h>
| #else
| # ifdef HAVE_STDLIB_H
| #  include <stdlib.h>
| # endif
| #endif
| #ifdef HAVE_STRING_H
| # if !defined STDC_HEADERS && defined HAVE_MEMORY_H
| #  include <memory.h>
| # endif
| # include <string.h>
| #endif
| #ifdef HAVE_STRINGS_H
| # include <strings.h>
| #endif
| #ifdef HAVE_INTTYPES_H
| # include <inttypes.h>
| #endif
| #ifdef HAVE_STDINT_H
| # include <stdint.h>
| #endif
| #ifdef HAVE_UNISTD_H
| # include <unistd.h>
| #endif
| int
| main ()
| {
| if (sizeof ((int8_t)))
| 	    return 0;
|   ;
|   return 0;
| }
configure:10186: result: yes
configure:10195: checking for int16_t
configure:10195: /usr/bin/gcc -c -DSQLITE_HAS_CODEC -DSQLITE_TEMP_STORE=2  conftest.c >&5
configure:10195: $? = 0
configure:10195: /usr/bin/gcc -c -DSQLITE_HAS_CODEC -DSQLITE_TEMP_STORE=2  conftest.c >&5
conftest.c: In function 'main':
conftest.c:58: error: expected expression before ')' token
configure:10195: $? = 1
configure: failed program was:
| /* confdefs.h */
| #define PACKAGE_NAME "sqlcipher"
| #define PACKAGE_TARNAME "sqlcipher"
| #define PACKAGE_VERSION "3.7.17"
| #define PACKAGE_STRING "sqlcipher 3.7.17"
| #define PACKAGE_BUGREPORT ""
| #define PACKAGE_URL ""
| #define STDC_HEADERS 1
| #define HAVE_SYS_TYPES_H 1
| #define HAVE_SYS_STAT_H 1
| #define HAVE_STDLIB_H 1
| #define HAVE_STRING_H 1
| #define HAVE_MEMORY_H 1
| #define HAVE_STRINGS_H 1
| #define HAVE_INTTYPES_H 1
| #define HAVE_STDINT_H 1
| #define HAVE_UNISTD_H 1
| #define HAVE_DLFCN_H 1
| #define LT_OBJDIR ".libs/"
| #define HAVE_INT8_T 1
| /* end confdefs.h.  */
| #include <stdio.h>
| #ifdef HAVE_SYS_TYPES_H
| # include <sys/types.h>
| #endif
| #ifdef HAVE_SYS_STAT_H
| # include <sys/stat.h>
| #endif
| #ifdef STDC_HEADERS
| # include <stdlib.h>
| # include <stddef.h>
| #else
| # ifdef HAVE_STDLIB_H
| #  include <stdlib.h>
| # endif
| #endif
| #ifdef HAVE_STRING_H
| # if !defined STDC_HEADERS && defined HAVE_MEMORY_H
| #  include <memory.h>
| # endif
| # include <string.h>
| #endif
| #ifdef HAVE_STRINGS_H
| # include <strings.h>
| #endif
| #ifdef HAVE_INTTYPES_H
| # include <inttypes.h>
| #endif
| #ifdef HAVE_STDINT_H
| # include <stdint.h>
| #endif
| #ifdef HAVE_UNISTD_H
| # include <unistd.h>
| #endif
| int
| main ()
| {
| if (sizeof ((int16_t)))
| 	    return 0;
|   ;
|   return 0;
| }
configure:10195: result: yes
configure:10204: checking for int32_t
configure:10204: /usr/bin/gcc -c -DSQLITE_HAS_CODEC -DSQLITE_TEMP_STORE=2  conftest.c >&5
configure:10204: $? = 0
configure:10204: /usr/bin/gcc -c -DSQLITE_HAS_CODEC -DSQLITE_TEMP_STORE=2  conftest.c >&5
conftest.c: In function 'main':
conftest.c:59: error: expected expression before ')' token
configure:10204: $? = 1
configure: failed program was:
| /* confdefs.h */
| #define PACKAGE_NAME "sqlcipher"
| #define PACKAGE_TARNAME "sqlcipher"
| #define PACKAGE_VERSION "3.7.17"
| #define PACKAGE_STRING "sqlcipher 3.7.17"
| #define PACKAGE_BUGREPORT ""
| #define PACKAGE_URL ""
| #define STDC_HEADERS 1
| #define HAVE_SYS_TYPES_H 1
| #define HAVE_SYS_STAT_H 1
| #define HAVE_STDLIB_H 1
| #define HAVE_STRING_H 1
| #define HAVE_MEMORY_H 1
| #define HAVE_STRINGS_H 1
| #define HAVE_INTTYPES_H 1
| #define HAVE_STDINT_H 1
| #define HAVE_UNISTD_H 1
| #define HAVE_DLFCN_H 1
| #define LT_OBJDIR ".libs/"
| #define HAVE_INT8_T 1
| #define HAVE_INT16_T 1
| /* end confdefs.h.  */
| #include <stdio.h>
| #ifdef HAVE_SYS_TYPES_H
| # include <sys/types.h>
| #endif
| #ifdef HAVE_SYS_STAT_H
| # include <sys/stat.h>
| #endif
| #ifdef STDC_HEADERS
| # include <stdlib.h>
| # include <stddef.h>
| #else
| # ifdef HAVE_STDLIB_H
| #  include <stdlib.h>
| # endif
| #endif
| #ifdef HAVE_STRING_H
| # if !defined STDC_HEADERS && defined HAVE_MEMORY_H
| #  include <memory.h>
| # endif
| # include <string.h>
| #endif
| #ifdef HAVE_STRINGS_H
| # include <strings.h>
| #endif
| #ifdef HAVE_INTTYPES_H
| # include <inttypes.h>
| #endif
| #ifdef HAVE_STDINT_H
| # include <stdint.h>
| #endif
| #ifdef HAVE_UNISTD_H
| # include <unistd.h>
| #endif
| int
| main ()
| {
| if (sizeof ((int32_t)))
| 	    return 0;
|   ;
|   return 0;
| }
configure:10204: result: yes
configure:10213: checking for int64_t
configure:10213: /usr/bin/gcc -c -DSQLITE_HAS_CODEC -DSQLITE_TEMP_STORE=2  conftest.c >&5
configure:10213: $? = 0
configure:10213: /usr/bin/gcc -c -DSQLITE_HAS_CODEC -DSQLITE_TEMP_STORE=2  conftest.c >&5
conftest.c: In function 'main':
conftest.c:60: error: expected expression before ')' token
configure:10213: $? = 1
configure: failed program was:
| /* confdefs.h */
| #define PACKAGE_NAME "sqlcipher"
| #define PACKAGE_TARNAME "sqlcipher"
| #define PACKAGE_VERSION "3.7.17"
| #define PACKAGE_STRING "sqlcipher 3.7.17"
| #define PACKAGE_BUGREPORT ""
| #define PACKAGE_URL ""
| #define STDC_HEADERS 1
| #define HAVE_SYS_TYPES_H 1
| #define HAVE_SYS_STAT_H 1
| #define HAVE_STDLIB_H 1
| #define HAVE_STRING_H 1
| #define HAVE_MEMORY_H 1
| #define HAVE_STRINGS_H 1
| #define HAVE_INTTYPES_H 1
| #define HAVE_STDINT_H 1
| #define HAVE_UNISTD_H 1
| #define HAVE_DLFCN_H 1
| #define LT_OBJDIR ".libs/"
| #define HAVE_INT8_T 1
| #define HAVE_INT16_T 1
| #define HAVE_INT32_T 1
| /* end confdefs.h.  */
| #include <stdio.h>
| #ifdef HAVE_SYS_TYPES_H
| # include <sys/types.h>
| #endif
| #ifdef HAVE_SYS_STAT_H
| # include <sys/stat.h>
| #endif
| #ifdef STDC_HEADERS
| # include <stdlib.h>
| # include <stddef.h>
| #else
| # ifdef HAVE_STDLIB_H
| #  include <stdlib.h>
| # endif
| #endif
| #ifdef HAVE_STRING_H
| # if !defined STDC_HEADERS && defined HAVE_MEMORY_H
| #  include <memory.h>
| # endif
| # include <string.h>
| #endif
| #ifdef HAVE_STRINGS_H
| # include <strings.h>
| #endif
| #ifdef HAVE_INTTYPES_H
| # include <inttypes.h>
| #endif
| #ifdef HAVE_STDINT_H
| # include <stdint.h>
| #endif
| #ifdef HAVE_UNISTD_H
| # include <unistd.h>
| #endif
| int
| main ()
| {
| if (sizeof ((int64_t)))
| 	    return 0;
|   ;
|   return 0;
| }
configure:10213: result: yes
configure:10222: checking for intptr_t
configure:10222: /usr/bin/gcc -c -DSQLITE_HAS_CODEC -DSQLITE_TEMP_STORE=2  conftest.c >&5
configure:10222: $? = 0
configure:10222: /usr/bin/gcc -c -DSQLITE_HAS_CODEC -DSQLITE_TEMP_STORE=2  conftest.c >&5
conftest.c: In function 'main':
conftest.c:61: error: expected expression before ')' token
configure:10222: $? = 1
configure: failed program was:
| /* confdefs.h */
| #define PACKAGE_NAME "sqlcipher"
| #define PACKAGE_TARNAME "sqlcipher"
| #define PACKAGE_VERSION "3.7.17"
| #define PACKAGE_STRING "sqlcipher 3.7.17"
| #define PACKAGE_BUGREPORT ""
| #define PACKAGE_URL ""
| #define STDC_HEADERS 1
| #define HAVE_SYS_TYPES_H 1
| #define HAVE_SYS_STAT_H 1
| #define HAVE_STDLIB_H 1
| #define HAVE_STRING_H 1
| #define HAVE_MEMORY_H 1
| #define HAVE_STRINGS_H 1
| #define HAVE_INTTYPES_H 1
| #define HAVE_STDINT_H 1
| #define HAVE_UNISTD_H 1
| #define HAVE_DLFCN_H 1
| #define LT_OBJDIR ".libs/"
| #define HAVE_INT8_T 1
| #define HAVE_INT16_T 1
| #define HAVE_INT32_T 1
| #define HAVE_INT64_T 1
| /* end confdefs.h.  */
| #include <stdio.h>
| #ifdef HAVE_SYS_TYPES_H
| # include <sys/types.h>
| #endif
| #ifdef HAVE_SYS_STAT_H
| # include <sys/stat.h>
| #endif
| #ifdef STDC_HEADERS
| # include <stdlib.h>
| # include <stddef.h>
| #else
| # ifdef HAVE_STDLIB_H
| #  include <stdlib.h>
| # endif
| #endif
| #ifdef HAVE_STRING_H
| # if !defined STDC_HEADERS && defined HAVE_MEMORY_H
| #  include <memory.h>
| # endif
| # include <string.h>
| #endif
| #ifdef HAVE_STRINGS_H
| # include <strings.h>
| #endif
| #ifdef HAVE_INTTYPES_H
| # include <inttypes.h>
| #endif
| #ifdef HAVE_STDINT_H
| # include <stdint.h>
| #endif
| #ifdef HAVE_UNISTD_H
| # include <unistd.h>
| #endif
| int
| main ()
| {
| if (sizeof ((intptr_t)))
| 	    return 0;
|   ;
|   return 0;
| }
configure:10222: result: yes
configure:10231: checking for uint8_t
configure:10231: /usr/bin/gcc -c -DSQLITE_HAS_CODEC -DSQLITE_TEMP_STORE=2  conftest.c >&5
configure:10231: $? = 0
configure:10231: /usr/bin/gcc -c -DSQLITE_HAS_CODEC -DSQLITE_TEMP_STORE=2  conftest.c >&5
conftest.c: In function 'main':
conftest.c:62: error: expected expression before ')' token
configure:10231: $? = 1
configure: failed program was:
| /* confdefs.h */
| #define PACKAGE_NAME "sqlcipher"
| #define PACKAGE_TARNAME "sqlcipher"
| #define PACKAGE_VERSION "3.7.17"
| #define PACKAGE_STRING "sqlcipher 3.7.17"
| #define PACKAGE_BUGREPORT ""
| #define PACKAGE_URL ""
| #define STDC_HEADERS 1
| #define HAVE_SYS_TYPES_H 1
| #define HAVE_SYS_STAT_H 1
| #define HAVE_STDLIB_H 1
| #define HAVE_STRING_H 1
| #define HAVE_MEMORY_H 1
| #define HAVE_STRINGS_H 1
| #define HAVE_INTTYPES_H 1
| #define HAVE_STDINT_H 1
| #define HAVE_UNISTD_H 1
| #define HAVE_DLFCN_H 1
| #define LT_OBJDIR ".libs/"
| #define HAVE_INT8_T 1
| #define HAVE_INT16_T 1
| #define HAVE_INT32_T 1
| #define HAVE_INT64_T 1
| #define HAVE_INTPTR_T 1
| /* end confdefs.h.  */
| #include <stdio.h>
| #ifdef HAVE_SYS_TYPES_H
| # include <sys/types.h>
| #endif
| #ifdef HAVE_SYS_STAT_H
| # include <sys/stat.h>
| #endif
| #ifdef STDC_HEADERS
| # include <stdlib.h>
| # include <stddef.h>
| #else
| # ifdef HAVE_STDLIB_H
| #  include <stdlib.h>
| # endif
| #endif
| #ifdef HAVE_STRING_H
| # if !defined STDC_HEADERS && defined HAVE_MEMORY_H
| #  include <memory.h>
| # endif
| # include <string.h>
| #endif
| #ifdef HAVE_STRINGS_H
| # include <strings.h>
| #endif
| #ifdef HAVE_INTTYPES_H
| # include <inttypes.h>
| #endif
| #ifdef HAVE_STDINT_H
| # include <stdint.h>
| #endif
| #ifdef HAVE_UNISTD_H
| # include <unistd.h>
| #endif
| int
| main ()
| {
| if (sizeof ((uint8_t)))
| 	    return 0;
|   ;
|   return 0;
| }
configure:10231: result: yes
configure:10240: checking for uint16_t
configure:10240: /usr/bin/gcc -c -DSQLITE_HAS_CODEC -DSQLITE_TEMP_STORE=2  conftest.c >&5
configure:10240: $? = 0
configure:10240: /usr/bin/gcc -c -DSQLITE_HAS_CODEC -DSQLITE_TEMP_STORE=2  conftest.c >&5
conftest.c: In function 'main':
conftest.c:63: error: expected expression before ')' token
configure:10240: $? = 1
configure: failed program was:
| /* confdefs.h */
| #define PACKAGE_NAME "sqlcipher"
| #define PACKAGE_TARNAME "sqlcipher"
| #define PACKAGE_VERSION "3.7.17"
| #define PACKAGE_STRING "sqlcipher 3.7.17"
| #define PACKAGE_BUGREPORT ""
| #define PACKAGE_URL ""
| #define STDC_HEADERS 1
| #define HAVE_SYS_TYPES_H 1
| #define HAVE_SYS_STAT_H 1
| #define HAVE_STDLIB_H 1
| #define HAVE_STRING_H 1
| #define HAVE_MEMORY_H 1
| #define HAVE_STRINGS_H 1
| #define HAVE_INTTYPES_H 1
| #define HAVE_STDINT_H 1
| #define HAVE_UNISTD_H 1
| #define HAVE_DLFCN_H 1
| #define LT_OBJDIR ".libs/"
| #define HAVE_INT8_T 1
| #define HAVE_INT16_T 1
| #define HAVE_INT32_T 1
| #define HAVE_INT64_T 1
| #define HAVE_INTPTR_T 1
| #define HAVE_UINT8_T 1
| /* end confdefs.h.  */
| #include <stdio.h>
| #ifdef HAVE_SYS_TYPES_H
| # include <sys/types.h>
| #endif
| #ifdef HAVE_SYS_STAT_H
| # include <sys/stat.h>
| #endif
| #ifdef STDC_HEADERS
| # include <stdlib.h>
| # include <stddef.h>
| #else
| # ifdef HAVE_STDLIB_H
| #  include <stdlib.h>
| # endif
| #endif
| #ifdef HAVE_STRING_H
| # if !defined STDC_HEADERS && defined HAVE_MEMORY_H
| #  include <memory.h>
| # endif
| # include <string.h>
| #endif
| #ifdef HAVE_STRINGS_H
| # include <strings.h>
| #endif
| #ifdef HAVE_INTTYPES_H
| # include <inttypes.h>
| #endif
| #ifdef HAVE_STDINT_H
| # include <stdint.h>
| #endif
| #ifdef HAVE_UNISTD_H
| # include <unistd.h>
| #endif
| int
| main ()
| {
| if (sizeof ((uint16_t)))
| 	    return 0;
|   ;
|   return 0;
| }
configure:10240: result: yes
configure:10249: checking for uint32_t
configure:10249: /usr/bin/gcc -c -DSQLITE_HAS_CODEC -DSQLITE_TEMP_STORE=2  conftest.c >&5
configure:10249: $? = 0
configure:10249: /usr/bin/gcc -c -DSQLITE_HAS_CODEC -DSQLITE_TEMP_STORE=2  conftest.c >&5
conftest.c: In function 'main':
conftest.c:64: error: expected expression before ')' token
configure:10249: $? = 1
configure: failed program was:
| /* confdefs.h */
| #define PACKAGE_NAME "sqlcipher"
| #define PACKAGE_TARNAME "sqlcipher"
| #define PACKAGE_VERSION "3.7.17"
| #define PACKAGE_STRING "sqlcipher 3.7.17"
| #define PACKAGE_BUGREPORT ""
| #define PACKAGE_URL ""
| #define STDC_HEADERS 1
| #define HAVE_SYS_TYPES_H 1
| #define HAVE_SYS_STAT_H 1
| #define HAVE_STDLIB_H 1
| #define HAVE_STRING_H 1
| #define HAVE_MEMORY_H 1
| #define HAVE_STRINGS_H 1
| #define HAVE_INTTYPES_H 1
| #define HAVE_STDINT_H 1
| #define HAVE_UNISTD_H 1
| #define HAVE_DLFCN_H 1
| #define LT_OBJDIR ".libs/"
| #define HAVE_INT8_T 1
| #define HAVE_INT16_T 1
| #define HAVE_INT32_T 1
| #define HAVE_INT64_T 1
| #define HAVE_INTPTR_T 1
| #define HAVE_UINT8_T 1
| #define HAVE_UINT16_T 1
| /* end confdefs.h.  */
| #include <stdio.h>
| #ifdef HAVE_SYS_TYPES_H
| # include <sys/types.h>
| #endif
| #ifdef HAVE_SYS_STAT_H
| # include <sys/stat.h>
| #endif
| #ifdef STDC_HEADERS
| # include <stdlib.h>
| # include <stddef.h>
| #else
| # ifdef HAVE_STDLIB_H
| #  include <stdlib.h>
| # endif
| #endif
| #ifdef HAVE_STRING_H
| # if !defined STDC_HEADERS && defined HAVE_MEMORY_H
| #  include <memory.h>
| # endif
| # include <string.h>
| #endif
| #ifdef HAVE_STRINGS_H
| # include <strings.h>
| #endif
| #ifdef HAVE_INTTYPES_H
| # include <inttypes.h>
| #endif
| #ifdef HAVE_STDINT_H
| # include <stdint.h>
| #endif
| #ifdef HAVE_UNISTD_H
| # include <unistd.h>
| #endif
| int
| main ()
| {
| if (sizeof ((uint32_t)))
| 	    return 0;
|   ;
|   return 0;
| }
configure:10249: result: yes
configure:10258: checking for uint64_t
configure:10258: /usr/bin/gcc -c -DSQLITE_HAS_CODEC -DSQLITE_TEMP_STORE=2  conftest.c >&5
configure:10258: $? = 0
configure:10258: /usr/bin/gcc -c -DSQLITE_HAS_CODEC -DSQLITE_TEMP_STORE=2  conftest.c >&5
conftest.c: In function 'main':
conftest.c:65: error: expected expression before ')' token
configure:10258: $? = 1
configure: failed program was:
| /* confdefs.h */
| #define PACKAGE_NAME "sqlcipher"
| #define PACKAGE_TARNAME "sqlcipher"
| #define PACKAGE_VERSION "3.7.17"
| #define PACKAGE_STRING "sqlcipher 3.7.17"
| #define PACKAGE_BUGREPORT ""
| #define PACKAGE_URL ""
| #define STDC_HEADERS 1
| #define HAVE_SYS_TYPES_H 1
| #define HAVE_SYS_STAT_H 1
| #define HAVE_STDLIB_H 1
| #define HAVE_STRING_H 1
| #define HAVE_MEMORY_H 1
| #define HAVE_STRINGS_H 1
| #define HAVE_INTTYPES_H 1
| #define HAVE_STDINT_H 1
| #define HAVE_UNISTD_H 1
| #define HAVE_DLFCN_H 1
| #define LT_OBJDIR ".libs/"
| #define HAVE_INT8_T 1
| #define HAVE_INT16_T 1
| #define HAVE_INT32_T 1
| #define HAVE_INT64_T 1
| #define HAVE_INTPTR_T 1
| #define HAVE_UINT8_T 1
| #define HAVE_UINT16_T 1
| #define HAVE_UINT32_T 1
| /* end confdefs.h.  */
| #include <stdio.h>
| #ifdef HAVE_SYS_TYPES_H
| # include <sys/types.h>
| #endif
| #ifdef HAVE_SYS_STAT_H
| # include <sys/stat.h>
| #endif
| #ifdef STDC_HEADERS
| # include <stdlib.h>
| # include <stddef.h>
| #else
| # ifdef HAVE_STDLIB_H
| #  include <stdlib.h>
| # endif
| #endif
| #ifdef HAVE_STRING_H
| # if !defined STDC_HEADERS && defined HAVE_MEMORY_H
| #  include <memory.h>
| # endif
| # include <string.h>
| #endif
| #ifdef HAVE_STRINGS_H
| # include <strings.h>
| #endif
| #ifdef HAVE_INTTYPES_H
| # include <inttypes.h>
| #endif
| #ifdef HAVE_STDINT_H
| # include <stdint.h>
| #endif
| #ifdef HAVE_UNISTD_H
| # include <unistd.h>
| #endif
| int
| main ()
| {
| if (sizeof ((uint64_t)))
| 	    return 0;
|   ;
|   return 0;
| }
configure:10258: result: yes
configure:10267: checking for uintptr_t
configure:10267: /usr/bin/gcc -c -DSQLITE_HAS_CODEC -DSQLITE_TEMP_STORE=2  conftest.c >&5
configure:10267: $? = 0
configure:10267: /usr/bin/gcc -c -DSQLITE_HAS_CODEC -DSQLITE_TEMP_STORE=2  conftest.c >&5
conftest.c: In function 'main':
conftest.c:66: error: expected expression before ')' token
configure:10267: $? = 1
configure: failed program was:
| /* confdefs.h */
| #define PACKAGE_NAME "sqlcipher"
| #define PACKAGE_TARNAME "sqlcipher"
| #define PACKAGE_VERSION "3.7.17"
| #define PACKAGE_STRING "sqlcipher 3.7.17"
| #define PACKAGE_BUGREPORT ""
| #define PACKAGE_URL ""
| #define STDC_HEADERS 1
| #define HAVE_SYS_TYPES_H 1
| #define HAVE_SYS_STAT_H 1
| #define HAVE_STDLIB_H 1
| #define HAVE_STRING_H 1
| #define HAVE_MEMORY_H 1
| #define HAVE_STRINGS_H 1
| #define HAVE_INTTYPES_H 1
| #define HAVE_STDINT_H 1
| #define HAVE_UNISTD_H 1
| #define HAVE_DLFCN_H 1
| #define LT_OBJDIR ".libs/"
| #define HAVE_INT8_T 1
| #define HAVE_INT16_T 1
| #define HAVE_INT32_T 1
| #define HAVE_INT64_T 1
| #define HAVE_INTPTR_T 1
| #define HAVE_UINT8_T 1
| #define HAVE_UINT16_T 1
| #define HAVE_UINT32_T 1
| #define HAVE_UINT64_T 1
| /* end confdefs.h.  */
| #include <stdio.h>
| #ifdef HAVE_SYS_TYPES_H
| # include <sys/types.h>
| #endif
| #ifdef HAVE_SYS_STAT_H
| # include <sys/stat.h>
| #endif
| #ifdef STDC_HEADERS
| # include <stdlib.h>
| # include <stddef.h>
| #else
| # ifdef HAVE_STDLIB_H
| #  include <stdlib.h>
| # endif
| #endif
| #ifdef HAVE_STRING_H
| # if !defined STDC_HEADERS && defined HAVE_MEMORY_H
| #  include <memory.h>
| # endif
| # include <string.h>
| #endif
| #ifdef HAVE_STRINGS_H
| # include <strings.h>
| #endif
| #ifdef HAVE_INTTYPES_H
| # include <inttypes.h>
| #endif
| #ifdef HAVE_STDINT_H
| # include <stdint.h>
| #endif
| #ifdef HAVE_UNISTD_H
| # include <unistd.h>
| #endif
| int
| main ()
| {
| if (sizeof ((uintptr_t)))
| 	    return 0;
|   ;
|   return 0;
| }
configure:10267: result: yes
configure:10283: checking for sys/types.h
configure:10283: result: yes
configure:10283: checking for stdlib.h
configure:10283: result: yes
configure:10283: checking for stdint.h
configure:10283: result: yes
configure:10283: checking for inttypes.h
configure:10283: result: yes
configure:10283: checking malloc.h usability
configure:10283: /usr/bin/gcc -c -DSQLITE_HAS_CODEC -DSQLITE_TEMP_STORE=2  conftest.c >&5
conftest.c:68:20: error: malloc.h: No such file or directory
configure:10283: $? = 1
configure: failed program was:
| /* confdefs.h */
| #define PACKAGE_NAME "sqlcipher"
| #define PACKAGE_TARNAME "sqlcipher"
| #define PACKAGE_VERSION "3.7.17"
| #define PACKAGE_STRING "sqlcipher 3.7.17"
| #define PACKAGE_BUGREPORT ""
| #define PACKAGE_URL ""
| #define STDC_HEADERS 1
| #define HAVE_SYS_TYPES_H 1
| #define HAVE_SYS_STAT_H 1
| #define HAVE_STDLIB_H 1
| #define HAVE_STRING_H 1
| #define HAVE_MEMORY_H 1
| #define HAVE_STRINGS_H 1
| #define HAVE_INTTYPES_H 1
| #define HAVE_STDINT_H 1
| #define HAVE_UNISTD_H 1
| #define HAVE_DLFCN_H 1
| #define LT_OBJDIR ".libs/"
| #define HAVE_INT8_T 1
| #define HAVE_INT16_T 1
| #define HAVE_INT32_T 1
| #define HAVE_INT64_T 1
| #define HAVE_INTPTR_T 1
| #define HAVE_UINT8_T 1
| #define HAVE_UINT16_T 1
| #define HAVE_UINT32_T 1
| #define HAVE_UINT64_T 1
| #define HAVE_UINTPTR_T 1
| #define HAVE_SYS_TYPES_H 1
| #define HAVE_STDLIB_H 1
| #define HAVE_STDINT_H 1
| #define HAVE_INTTYPES_H 1
| /* end confdefs.h.  */
| #include <stdio.h>
| #ifdef HAVE_SYS_TYPES_H
| # include <sys/types.h>
| #endif
| #ifdef HAVE_SYS_STAT_H
| # include <sys/stat.h>
| #endif
| #ifdef STDC_HEADERS
| # include <stdlib.h>
| # include <stddef.h>
| #else
| # ifdef HAVE_STDLIB_H
| #  include <stdlib.h>
| # endif
| #endif
| #ifdef HAVE_STRING_H
| # if !defined STDC_HEADERS && defined HAVE_MEMORY_H
| #  include <memory.h>
| # endif
| # include <string.h>
| #endif
| #ifdef HAVE_STRINGS_H
| # include <strings.h>
| #endif
| #ifdef HAVE_INTTYPES_H
| # include <inttypes.h>
| #endif
| #ifdef HAVE_STDINT_H
| # include <stdint.h>
| #endif
| #ifdef HAVE_UNISTD_H
| # include <unistd.h>
| #endif
| #include <malloc.h>
configure:10283: result: no
configure:10283: checking malloc.h presence
configure:10283: /usr/bin/gcc -E  conftest.c
conftest.c:35:20: error: malloc.h: No such file or directory
configure:10283: $? = 1
configure: failed program was:
| /* confdefs.h */
| #define PACKAGE_NAME "sqlcipher"
| #define PACKAGE_TARNAME "sqlcipher"
| #define PACKAGE_VERSION "3.7.17"
| #define PACKAGE_STRING "sqlcipher 3.7.17"
| #define PACKAGE_BUGREPORT ""
| #define PACKAGE_URL ""
| #define STDC_HEADERS 1
| #define HAVE_SYS_TYPES_H 1
| #define HAVE_SYS_STAT_H 1
| #define HAVE_STDLIB_H 1
| #define HAVE_STRING_H 1
| #define HAVE_MEMORY_H 1
| #define HAVE_STRINGS_H 1
| #define HAVE_INTTYPES_H 1
| #define HAVE_STDINT_H 1
| #define HAVE_UNISTD_H 1
| #define HAVE_DLFCN_H 1
| #define LT_OBJDIR ".libs/"
| #define HAVE_INT8_T 1
| #define HAVE_INT16_T 1
| #define HAVE_INT32_T 1
| #define HAVE_INT64_T 1
| #define HAVE_INTPTR_T 1
| #define HAVE_UINT8_T 1
| #define HAVE_UINT16_T 1
| #define HAVE_UINT32_T 1
| #define HAVE_UINT64_T 1
| #define HAVE_UINTPTR_T 1
| #define HAVE_SYS_TYPES_H 1
| #define HAVE_STDLIB_H 1
| #define HAVE_STDINT_H 1
| #define HAVE_INTTYPES_H 1
| /* end confdefs.h.  */
| #include <malloc.h>
configure:10283: result: no
configure:10283: checking for malloc.h
configure:10283: result: no
configure:10300: checking for usleep
configure:10300: /usr/bin/gcc -o conftest -DSQLITE_HAS_CODEC -DSQLITE_TEMP_STORE=2   conftest.c  >&5
configure:10300: $? = 0
configure:10300: result: yes
configure:10300: checking for fdatasync
configure:10300: /usr/bin/gcc -o conftest -DSQLITE_HAS_CODEC -DSQLITE_TEMP_STORE=2   conftest.c  >&5
configure:10300: $? = 0
configure:10300: result: yes
configure:10300: checking for localtime_r
configure:10300: /usr/bin/gcc -o conftest -DSQLITE_HAS_CODEC -DSQLITE_TEMP_STORE=2   conftest.c  >&5
configure:10300: $? = 0
configure:10300: result: yes
configure:10300: checking for gmtime_r
configure:10300: /usr/bin/gcc -o conftest -DSQLITE_HAS_CODEC -DSQLITE_TEMP_STORE=2   conftest.c  >&5
configure:10300: $? = 0
configure:10300: result: yes
configure:10300: checking for localtime_s
configure:10300: /usr/bin/gcc -o conftest -DSQLITE_HAS_CODEC -DSQLITE_TEMP_STORE=2   conftest.c  >&5
Undefined symbols for architecture x86_64:
  "_localtime_s", referenced from:
      _main in cccvzRct.o
ld: symbol(s) not found for architecture x86_64
collect2: ld returned 1 exit status
configure:10300: $? = 1
configure: failed program was:
| /* confdefs.h */
| #define PACKAGE_NAME "sqlcipher"
| #define PACKAGE_TARNAME "sqlcipher"
| #define PACKAGE_VERSION "3.7.17"
| #define PACKAGE_STRING "sqlcipher 3.7.17"
| #define PACKAGE_BUGREPORT ""
| #define PACKAGE_URL ""
| #define STDC_HEADERS 1
| #define HAVE_SYS_TYPES_H 1
| #define HAVE_SYS_STAT_H 1
| #define HAVE_STDLIB_H 1
| #define HAVE_STRING_H 1
| #define HAVE_MEMORY_H 1
| #define HAVE_STRINGS_H 1
| #define HAVE_INTTYPES_H 1
| #define HAVE_STDINT_H 1
| #define HAVE_UNISTD_H 1
| #define HAVE_DLFCN_H 1
| #define LT_OBJDIR ".libs/"
| #define HAVE_INT8_T 1
| #define HAVE_INT16_T 1
| #define HAVE_INT32_T 1
| #define HAVE_INT64_T 1
| #define HAVE_INTPTR_T 1
| #define HAVE_UINT8_T 1
| #define HAVE_UINT16_T 1
| #define HAVE_UINT32_T 1
| #define HAVE_UINT64_T 1
| #define HAVE_UINTPTR_T 1
| #define HAVE_SYS_TYPES_H 1
| #define HAVE_STDLIB_H 1
| #define HAVE_STDINT_H 1
| #define HAVE_INTTYPES_H 1
| #define HAVE_USLEEP 1
| #define HAVE_FDATASYNC 1
| #define HAVE_LOCALTIME_R 1
| #define HAVE_GMTIME_R 1
| /* end confdefs.h.  */
| /* Define localtime_s to an innocuous variant, in case <limits.h> declares localtime_s.
|    For example, HP-UX 11i <limits.h> declares gettimeofday.  */
| #define localtime_s innocuous_localtime_s
| 
| /* System header to define __stub macros and hopefully few prototypes,
|     which can conflict with char localtime_s (); below.
|     Prefer <limits.h> to <assert.h> if __STDC__ is defined, since
|     <limits.h> exists even on freestanding compilers.  */
| 
| #ifdef __STDC__
| # include <limits.h>
| #else
| # include <assert.h>
| #endif
| 
| #undef localtime_s
| 
| /* Override any GCC internal prototype to avoid an error.
|    Use char because int might match the return type of a GCC
|    builtin and then its argument prototype would still apply.  */
| #ifdef __cplusplus
| extern "C"
| #endif
| char localtime_s ();
| /* The GNU C library defines this for functions which it implements
|     to always fail with ENOSYS.  Some functions are actually named
|     something starting with __ and the normal name is an alias.  */
| #if defined __stub_localtime_s || defined __stub___localtime_s
| choke me
| #endif
| 
| int
| main ()
| {
| return localtime_s ();
|   ;
|   return 0;
| }
configure:10300: result: no
configure:10300: checking for utime
configure:10300: /usr/bin/gcc -o conftest -DSQLITE_HAS_CODEC -DSQLITE_TEMP_STORE=2   conftest.c  >&5
configure:10300: $? = 0
configure:10300: result: yes
configure:10300: checking for malloc_usable_size
configure:10300: /usr/bin/gcc -o conftest -DSQLITE_HAS_CODEC -DSQLITE_TEMP_STORE=2   conftest.c  >&5
Undefined symbols for architecture x86_64:
  "_malloc_usable_size", referenced from:
      _main in ccZu3r4O.o
ld: symbol(s) not found for architecture x86_64
collect2: ld returned 1 exit status
configure:10300: $? = 1
configure: failed program was:
| /* confdefs.h */
| #define PACKAGE_NAME "sqlcipher"
| #define PACKAGE_TARNAME "sqlcipher"
| #define PACKAGE_VERSION "3.7.17"
| #define PACKAGE_STRING "sqlcipher 3.7.17"
| #define PACKAGE_BUGREPORT ""
| #define PACKAGE_URL ""
| #define STDC_HEADERS 1
| #define HAVE_SYS_TYPES_H 1
| #define HAVE_SYS_STAT_H 1
| #define HAVE_STDLIB_H 1
| #define HAVE_STRING_H 1
| #define HAVE_MEMORY_H 1
| #define HAVE_STRINGS_H 1
| #define HAVE_INTTYPES_H 1
| #define HAVE_STDINT_H 1
| #define HAVE_UNISTD_H 1
| #define HAVE_DLFCN_H 1
| #define LT_OBJDIR ".libs/"
| #define HAVE_INT8_T 1
| #define HAVE_INT16_T 1
| #define HAVE_INT32_T 1
| #define HAVE_INT64_T 1
| #define HAVE_INTPTR_T 1
| #define HAVE_UINT8_T 1
| #define HAVE_UINT16_T 1
| #define HAVE_UINT32_T 1
| #define HAVE_UINT64_T 1
| #define HAVE_UINTPTR_T 1
| #define HAVE_SYS_TYPES_H 1
| #define HAVE_STDLIB_H 1
| #define HAVE_STDINT_H 1
| #define HAVE_INTTYPES_H 1
| #define HAVE_USLEEP 1
| #define HAVE_FDATASYNC 1
| #define HAVE_LOCALTIME_R 1
| #define HAVE_GMTIME_R 1
| #define HAVE_UTIME 1
| /* end confdefs.h.  */
| /* Define malloc_usable_size to an innocuous variant, in case <limits.h> declares malloc_usable_size.
|    For example, HP-UX 11i <limits.h> declares gettimeofday.  */
| #define malloc_usable_size innocuous_malloc_usable_size
| 
| /* System header to define __stub macros and hopefully few prototypes,
|     which can conflict with char malloc_usable_size (); below.
|     Prefer <limits.h> to <assert.h> if __STDC__ is defined, since
|     <limits.h> exists even on freestanding compilers.  */
| 
| #ifdef __STDC__
| # include <limits.h>
| #else
| # include <assert.h>
| #endif
| 
| #undef malloc_usable_size
| 
| /* Override any GCC internal prototype to avoid an error.
|    Use char because int might match the return type of a GCC
|    builtin and then its argument prototype would still apply.  */
| #ifdef __cplusplus
| extern "C"
| #endif
| char malloc_usable_size ();
| /* The GNU C library defines this for functions which it implements
|     to always fail with ENOSYS.  Some functions are actually named
|     something starting with __ and the normal name is an alias.  */
| #if defined __stub_malloc_usable_size || defined __stub___malloc_usable_size
| choke me
| #endif
| 
| int
| main ()
| {
| return malloc_usable_size ();
|   ;
|   return 0;
| }
configure:10300: result: no
configure:10324: checking for tclsh8.5
configure:10340: found /usr/bin/tclsh8.5
configure:10351: result: tclsh8.5
configure:10391: Version set to 3.7
configure:10395: Release set to 3.7.17
configure:10401: Version number set to 3007017
configure:10512: checking whether to support threadsafe operation
configure:10520: result: yes
configure:10526: checking for library containing pthread_create
configure:10557: /usr/bin/gcc -o conftest -DSQLITE_HAS_CODEC -DSQLITE_TEMP_STORE=2   conftest.c  >&5
configure:10557: $? = 0
configure:10574: result: none required
configure:10593: checking for crypto library to use
configure:10660: result: openssl
configure:10662: checking for HMAC_Init_ex in -lcrypto
configure:10687: /usr/bin/gcc -o conftest -DSQLITE_HAS_CODEC -DSQLITE_TEMP_STORE=2 -DSQLCIPHER_CRYPTO_OPENSSL   conftest.c -lcrypto   >&5
configure:10687: $? = 0
configure:10696: result: yes
configure:10725: checking whether to allow connections to be shared across threads
configure:10729: result: no
configure:10748: checking whether to support shared library linked as release mode or not
configure:10752: result: no
configure:10771: checking whether to use an in-ram database for temporary tables
configure:10786: result: yes
configure:10808: checking if executables have the .exe suffix
configure:10815: result: unknown
configure:10883: checking for Tcl configuration
configure:10977: result: found /usr/lib/tclConfig.sh
configure:10980: checking for existence of /usr/lib/tclConfig.sh
configure:10983: result: loading
configure:11068: checking for library containing tgetent
configure:11099: /usr/bin/gcc -o conftest -DSQLITE_HAS_CODEC -DSQLITE_TEMP_STORE=2 -DSQLCIPHER_CRYPTO_OPENSSL -DSQLITE_OS_UNIX=1   conftest.c  >&5
Undefined symbols for architecture x86_64:
  "_tgetent", referenced from:
      _main in ccVnjwWd.o
ld: symbol(s) not found for architecture x86_64
collect2: ld returned 1 exit status
configure:11099: $? = 1
configure: failed program was:
| /* confdefs.h */
| #define PACKAGE_NAME "sqlcipher"
| #define PACKAGE_TARNAME "sqlcipher"
| #define PACKAGE_VERSION "3.7.17"
| #define PACKAGE_STRING "sqlcipher 3.7.17"
| #define PACKAGE_BUGREPORT ""
| #define PACKAGE_URL ""
| #define STDC_HEADERS 1
| #define HAVE_SYS_TYPES_H 1
| #define HAVE_SYS_STAT_H 1
| #define HAVE_STDLIB_H 1
| #define HAVE_STRING_H 1
| #define HAVE_MEMORY_H 1
| #define HAVE_STRINGS_H 1
| #define HAVE_INTTYPES_H 1
| #define HAVE_STDINT_H 1
| #define HAVE_UNISTD_H 1
| #define HAVE_DLFCN_H 1
| #define LT_OBJDIR ".libs/"
| #define HAVE_INT8_T 1
| #define HAVE_INT16_T 1
| #define HAVE_INT32_T 1
| #define HAVE_INT64_T 1
| #define HAVE_INTPTR_T 1
| #define HAVE_UINT8_T 1
| #define HAVE_UINT16_T 1
| #define HAVE_UINT32_T 1
| #define HAVE_UINT64_T 1
| #define HAVE_UINTPTR_T 1
| #define HAVE_SYS_TYPES_H 1
| #define HAVE_STDLIB_H 1
| #define HAVE_STDINT_H 1
| #define HAVE_INTTYPES_H 1
| #define HAVE_USLEEP 1
| #define HAVE_FDATASYNC 1
| #define HAVE_LOCALTIME_R 1
| #define HAVE_GMTIME_R 1
| #define HAVE_UTIME 1
| #define HAVE_LIBCRYPTO 1
| /* end confdefs.h.  */
| 
| /* Override any GCC internal prototype to avoid an error.
|    Use char because int might match the return type of a GCC
|    builtin and then its argument prototype would still apply.  */
| #ifdef __cplusplus
| extern "C"
| #endif
| char tgetent ();
| int
| main ()
| {
| return tgetent ();
|   ;
|   return 0;
| }
configure:11099: /usr/bin/gcc -o conftest -DSQLITE_HAS_CODEC -DSQLITE_TEMP_STORE=2 -DSQLCIPHER_CRYPTO_OPENSSL -DSQLITE_OS_UNIX=1   conftest.c -lreadline   >&5
Undefined symbols for architecture x86_64:
  "_tgetent", referenced from:
      _main in ccg2df7I.o
ld: symbol(s) not found for architecture x86_64
collect2: ld returned 1 exit status
configure:11099: $? = 1
configure: failed program was:
| /* confdefs.h */
| #define PACKAGE_NAME "sqlcipher"
| #define PACKAGE_TARNAME "sqlcipher"
| #define PACKAGE_VERSION "3.7.17"
| #define PACKAGE_STRING "sqlcipher 3.7.17"
| #define PACKAGE_BUGREPORT ""
| #define PACKAGE_URL ""
| #define STDC_HEADERS 1
| #define HAVE_SYS_TYPES_H 1
| #define HAVE_SYS_STAT_H 1
| #define HAVE_STDLIB_H 1
| #define HAVE_STRING_H 1
| #define HAVE_MEMORY_H 1
| #define HAVE_STRINGS_H 1
| #define HAVE_INTTYPES_H 1
| #define HAVE_STDINT_H 1
| #define HAVE_UNISTD_H 1
| #define HAVE_DLFCN_H 1
| #define LT_OBJDIR ".libs/"
| #define HAVE_INT8_T 1
| #define HAVE_INT16_T 1
| #define HAVE_INT32_T 1
| #define HAVE_INT64_T 1
| #define HAVE_INTPTR_T 1
| #define HAVE_UINT8_T 1
| #define HAVE_UINT16_T 1
| #define HAVE_UINT32_T 1
| #define HAVE_UINT64_T 1
| #define HAVE_UINTPTR_T 1
| #define HAVE_SYS_TYPES_H 1
| #define HAVE_STDLIB_H 1
| #define HAVE_STDINT_H 1
| #define HAVE_INTTYPES_H 1
| #define HAVE_USLEEP 1
| #define HAVE_FDATASYNC 1
| #define HAVE_LOCALTIME_R 1
| #define HAVE_GMTIME_R 1
| #define HAVE_UTIME 1
| #define HAVE_LIBCRYPTO 1
| /* end confdefs.h.  */
| 
| /* Override any GCC internal prototype to avoid an error.
|    Use char because int might match the return type of a GCC
|    builtin and then its argument prototype would still apply.  */
| #ifdef __cplusplus
| extern "C"
| #endif
| char tgetent ();
| int
| main ()
| {
| return tgetent ();
|   ;
|   return 0;
| }
configure:11099: /usr/bin/gcc -o conftest -DSQLITE_HAS_CODEC -DSQLITE_TEMP_STORE=2 -DSQLCIPHER_CRYPTO_OPENSSL -DSQLITE_OS_UNIX=1   conftest.c -lncurses   >&5
configure:11099: $? = 0
configure:11116: result: -lncurses
configure:11126: checking for readline in -lreadline
configure:11151: /usr/bin/gcc -o conftest -DSQLITE_HAS_CODEC -DSQLITE_TEMP_STORE=2 -DSQLCIPHER_CRYPTO_OPENSSL -DSQLITE_OS_UNIX=1   conftest.c -lreadline  -lncurses  >&5
configure:11151: $? = 0
configure:11160: result: yes
configure:11183: checking readline.h usability
configure:11183: /usr/bin/gcc -c -DSQLITE_HAS_CODEC -DSQLITE_TEMP_STORE=2 -DSQLCIPHER_CRYPTO_OPENSSL -DSQLITE_OS_UNIX=1  conftest.c >&5
conftest.c:74:22: error: readline.h: No such file or directory
configure:11183: $? = 1
configure: failed program was:
| /* confdefs.h */
| #define PACKAGE_NAME "sqlcipher"
| #define PACKAGE_TARNAME "sqlcipher"
| #define PACKAGE_VERSION "3.7.17"
| #define PACKAGE_STRING "sqlcipher 3.7.17"
| #define PACKAGE_BUGREPORT ""
| #define PACKAGE_URL ""
| #define STDC_HEADERS 1
| #define HAVE_SYS_TYPES_H 1
| #define HAVE_SYS_STAT_H 1
| #define HAVE_STDLIB_H 1
| #define HAVE_STRING_H 1
| #define HAVE_MEMORY_H 1
| #define HAVE_STRINGS_H 1
| #define HAVE_INTTYPES_H 1
| #define HAVE_STDINT_H 1
| #define HAVE_UNISTD_H 1
| #define HAVE_DLFCN_H 1
| #define LT_OBJDIR ".libs/"
| #define HAVE_INT8_T 1
| #define HAVE_INT16_T 1
| #define HAVE_INT32_T 1
| #define HAVE_INT64_T 1
| #define HAVE_INTPTR_T 1
| #define HAVE_UINT8_T 1
| #define HAVE_UINT16_T 1
| #define HAVE_UINT32_T 1
| #define HAVE_UINT64_T 1
| #define HAVE_UINTPTR_T 1
| #define HAVE_SYS_TYPES_H 1
| #define HAVE_STDLIB_H 1
| #define HAVE_STDINT_H 1
| #define HAVE_INTTYPES_H 1
| #define HAVE_USLEEP 1
| #define HAVE_FDATASYNC 1
| #define HAVE_LOCALTIME_R 1
| #define HAVE_GMTIME_R 1
| #define HAVE_UTIME 1
| #define HAVE_LIBCRYPTO 1
| /* end confdefs.h.  */
| #include <stdio.h>
| #ifdef HAVE_SYS_TYPES_H
| # include <sys/types.h>
| #endif
| #ifdef HAVE_SYS_STAT_H
| # include <sys/stat.h>
| #endif
| #ifdef STDC_HEADERS
| # include <stdlib.h>
| # include <stddef.h>
| #else
| # ifdef HAVE_STDLIB_H
| #  include <stdlib.h>
| # endif
| #endif
| #ifdef HAVE_STRING_H
| # if !defined STDC_HEADERS && defined HAVE_MEMORY_H
| #  include <memory.h>
| # endif
| # include <string.h>
| #endif
| #ifdef HAVE_STRINGS_H
| # include <strings.h>
| #endif
| #ifdef HAVE_INTTYPES_H
| # include <inttypes.h>
| #endif
| #ifdef HAVE_STDINT_H
| # include <stdint.h>
| #endif
| #ifdef HAVE_UNISTD_H
| # include <unistd.h>
| #endif
| #include <readline.h>
configure:11183: result: no
configure:11183: checking readline.h presence
configure:11183: /usr/bin/gcc -E  conftest.c
conftest.c:41:22: error: readline.h: No such file or directory
configure:11183: $? = 1
configure: failed program was:
| /* confdefs.h */
| #define PACKAGE_NAME "sqlcipher"
| #define PACKAGE_TARNAME "sqlcipher"
| #define PACKAGE_VERSION "3.7.17"
| #define PACKAGE_STRING "sqlcipher 3.7.17"
| #define PACKAGE_BUGREPORT ""
| #define PACKAGE_URL ""
| #define STDC_HEADERS 1
| #define HAVE_SYS_TYPES_H 1
| #define HAVE_SYS_STAT_H 1
| #define HAVE_STDLIB_H 1
| #define HAVE_STRING_H 1
| #define HAVE_MEMORY_H 1
| #define HAVE_STRINGS_H 1
| #define HAVE_INTTYPES_H 1
| #define HAVE_STDINT_H 1
| #define HAVE_UNISTD_H 1
| #define HAVE_DLFCN_H 1
| #define LT_OBJDIR ".libs/"
| #define HAVE_INT8_T 1
| #define HAVE_INT16_T 1
| #define HAVE_INT32_T 1
| #define HAVE_INT64_T 1
| #define HAVE_INTPTR_T 1
| #define HAVE_UINT8_T 1
| #define HAVE_UINT16_T 1
| #define HAVE_UINT32_T 1
| #define HAVE_UINT64_T 1
| #define HAVE_UINTPTR_T 1
| #define HAVE_SYS_TYPES_H 1
| #define HAVE_STDLIB_H 1
| #define HAVE_STDINT_H 1
| #define HAVE_INTTYPES_H 1
| #define HAVE_USLEEP 1
| #define HAVE_FDATASYNC 1
| #define HAVE_LOCALTIME_R 1
| #define HAVE_GMTIME_R 1
| #define HAVE_UTIME 1
| #define HAVE_LIBCRYPTO 1
| /* end confdefs.h.  */
| #include <readline.h>
configure:11183: result: no
configure:11183: checking for readline.h
configure:11183: result: no
configure:11193: checking for /usr/include/readline.h
configure:11207: result: no
configure:11193: checking for /usr/include/readline/readline.h
configure:11207: result: yes
configure:11246: checking for library containing fdatasync
configure:11277: /usr/bin/gcc -o conftest -DSQLITE_HAS_CODEC -DSQLITE_TEMP_STORE=2 -DSQLCIPHER_CRYPTO_OPENSSL -DSQLITE_OS_UNIX=1   conftest.c -lcrypto  >&5
configure:11277: $? = 0
configure:11294: result: none required
configure:11597: creating ./config.status

## ---------------------- ##
## Running config.status. ##
## ---------------------- ##

This file was extended by sqlcipher config.status 3.7.17, which was
generated by GNU Autoconf 2.68.  Invocation command line was

  CONFIG_FILES    = 
  CONFIG_HEADERS  = 
  CONFIG_LINKS    = 
  CONFIG_COMMANDS = 
  $ ./config.status 

on MacMini

config.status:1090: creating Makefile
config.status:1090: creating sqlcipher.pc
config.status:1090: creating config.h
config.status:1265: config.h is unchanged
config.status:1279: executing libtool commands

## ---------------- ##
## Cache variables. ##
## ---------------- ##

ac_cv_build=i386-apple-darwin12.4.0
ac_cv_c_compiler_gnu=yes
ac_cv_c_tclconfig=/usr/lib
ac_cv_env_CC_set=set
ac_cv_env_CC_value=/usr/bin/gcc
ac_cv_env_CFLAGS_set=set
ac_cv_env_CFLAGS_value='-DSQLITE_HAS_CODEC -DSQLITE_TEMP_STORE=2'
ac_cv_env_CPPFLAGS_set=
ac_cv_env_CPPFLAGS_value=
ac_cv_env_CPP_set=
ac_cv_env_CPP_value=
ac_cv_env_LDFLAGS_set=
ac_cv_env_LDFLAGS_value=
ac_cv_env_LIBS_set=
ac_cv_env_LIBS_value=
ac_cv_env_TCLLIBDIR_set=
ac_cv_env_TCLLIBDIR_value=
ac_cv_env_build_alias_set=
ac_cv_env_build_alias_value=
ac_cv_env_host_alias_set=
ac_cv_env_host_alias_value=
ac_cv_env_target_alias_set=
ac_cv_env_target_alias_value=
ac_cv_file__usr_include_readline_h=no
ac_cv_file__usr_include_readline_readline_h=yes
ac_cv_func_fdatasync=yes
ac_cv_func_gmtime_r=yes
ac_cv_func_localtime_r=yes
ac_cv_func_localtime_s=no
ac_cv_func_malloc_usable_size=no
ac_cv_func_usleep=yes
ac_cv_func_utime=yes
ac_cv_header_dlfcn_h=yes
ac_cv_header_inttypes_h=yes
ac_cv_header_malloc_h=no
ac_cv_header_memory_h=yes
ac_cv_header_readline_h=no
ac_cv_header_stdc=yes
ac_cv_header_stdint_h=yes
ac_cv_header_stdlib_h=yes
ac_cv_header_string_h=yes
ac_cv_header_strings_h=yes
ac_cv_header_sys_stat_h=yes
ac_cv_header_sys_types_h=yes
ac_cv_header_unistd_h=yes
ac_cv_host=i386-apple-darwin12.4.0
ac_cv_lib_crypto_HMAC_Init_ex=yes
ac_cv_lib_readline_readline=yes
ac_cv_objext=o
ac_cv_path_EGREP='/usr/bin/grep -E'
ac_cv_path_FGREP='/usr/bin/grep -F'
ac_cv_path_GREP=/usr/bin/grep
ac_cv_path_SED=/usr/bin/sed
ac_cv_path_install='/usr/bin/install -c'
ac_cv_prog_AWK=awk
ac_cv_prog_CPP='/usr/bin/gcc -E'
ac_cv_prog_TCLSH_CMD=tclsh8.5
ac_cv_prog_ac_ct_AR=ar
ac_cv_prog_ac_ct_CC=/usr/bin/gcc
ac_cv_prog_ac_ct_DSYMUTIL=dsymutil
ac_cv_prog_ac_ct_LIPO=lipo
ac_cv_prog_ac_ct_NMEDIT=nmedit
ac_cv_prog_ac_ct_OTOOL=otool
ac_cv_prog_ac_ct_RANLIB=ranlib
ac_cv_prog_ac_ct_STRIP=strip
ac_cv_prog_cc_c89=
ac_cv_prog_cc_g=yes
ac_cv_search_fdatasync='none required'
ac_cv_search_pthread_create='none required'
ac_cv_search_tgetent=-lncurses
ac_cv_sys_file_offset_bits=no
ac_cv_sys_largefile_CC=no
ac_cv_type_int16_t=yes
ac_cv_type_int32_t=yes
ac_cv_type_int64_t=yes
ac_cv_type_int8_t=yes
ac_cv_type_intptr_t=yes
ac_cv_type_uint16_t=yes
ac_cv_type_uint32_t=yes
ac_cv_type_uint64_t=yes
ac_cv_type_uint8_t=yes
ac_cv_type_uintptr_t=yes
lt_cv_apple_cc_single_mod=yes
lt_cv_deplibs_check_method=pass_all
lt_cv_file_magic_cmd='$MAGIC_CMD'
lt_cv_file_magic_test_file=
lt_cv_ld_exported_symbols_list=yes
lt_cv_ld_reload_flag=-r
lt_cv_nm_interface='BSD nm'
lt_cv_objdir=.libs
lt_cv_path_LD=/usr/llvm-gcc-4.2/libexec/gcc/i686-apple-darwin11/4.2.1/ld
lt_cv_path_NM=/Applications/Xcode.app/Contents/Developer/Toolchains/XcodeDefault.xctoolchain/usr/bin/nm
lt_cv_prog_compiler_c_o=yes
lt_cv_prog_compiler_pic_works=yes
lt_cv_prog_compiler_rtti_exceptions=no
lt_cv_prog_compiler_static_works=no
lt_cv_prog_gnu_ld=no
lt_cv_sys_global_symbol_pipe='sed -n -e '\''s/^.*[	 ]\([BCDEGRST][BCDEGRST]*\)[	 ][	 ]*_\([_A-Za-z][_A-Za-z0-9]*\)$/\1 _\2 \2/p'\'''
lt_cv_sys_global_symbol_to_c_name_address='sed -n -e '\''s/^: \([^ ]*\) $/  {\"\1\", (void *) 0},/p'\'' -e '\''s/^[BCDEGRST]* \([^ ]*\) \([^ ]*\)$/  {"\2", (void *) \&\2},/p'\'''
lt_cv_sys_global_symbol_to_c_name_address_lib_prefix='sed -n -e '\''s/^: \([^ ]*\) $/  {\"\1\", (void *) 0},/p'\'' -e '\''s/^[BCDEGRST]* \([^ ]*\) \(lib[^ ]*\)$/  {"\2", (void *) \&\2},/p'\'' -e '\''s/^[BCDEGRST]* \([^ ]*\) \([^ ]*\)$/  {"lib\2", (void *) \&\2},/p'\'''
lt_cv_sys_global_symbol_to_cdecl='sed -n -e '\''s/^T .* \(.*\)$/extern int \1();/p'\'' -e '\''s/^[BCDEGRST]* .* \(.*\)$/extern char \1;/p'\'''
lt_cv_sys_max_cmd_len=196608

## ----------------- ##
## Output variables. ##
## ----------------- ##

ALLOWRELEASE=''
AR='ar'
AWK='awk'
BUILD_CC='/usr/bin/gcc'
BUILD_CFLAGS=' -DSQLITE_HAS_CODEC -DSQLITE_TEMP_STORE=2 -DSQLCIPHER_CRYPTO_OPENSSL'
BUILD_EXEEXT=''
CC='/usr/bin/gcc'
CFLAGS=' -DSQLITE_HAS_CODEC -DSQLITE_TEMP_STORE=2 -DSQLCIPHER_CRYPTO_OPENSSL -DSQLITE_OS_UNIX=1'
CPP='/usr/bin/gcc -E'
CPPFLAGS=''
DEFS='-DHAVE_CONFIG_H'
DSYMUTIL='dsymutil'
DUMPBIN=''
ECHO_C=''
ECHO_N='-n'
ECHO_T=''
EGREP='/usr/bin/grep -E'
EXEEXT=''
FGREP='/usr/bin/grep -F'
GREP='/usr/bin/grep'
HAVE_TCL='1'
INSTALL_DATA='${INSTALL} -m 644'
INSTALL_PROGRAM='${INSTALL}'
INSTALL_SCRIPT='${INSTALL}'
LD='/usr/llvm-gcc-4.2/libexec/gcc/i686-apple-darwin11/4.2.1/ld'
LDFLAGS=''
LIBOBJS=''
LIBS='-lcrypto '
LIBTOOL='$(SHELL) $(top_builddir)/libtool'
LIPO='lipo'
LN_S='ln -s'
LTLIBOBJS=''
NM='/Applications/Xcode.app/Contents/Developer/Toolchains/XcodeDefault.xctoolchain/usr/bin/nm'
NMEDIT='nmedit'
OBJDUMP='false'
OBJEXT='o'
OPT_FEATURE_FLAGS='-DSQLITE_OMIT_LOAD_EXTENSION=1'
OTOOL64=':'
OTOOL='otool'
PACKAGE_BUGREPORT=''
PACKAGE_NAME='sqlcipher'
PACKAGE_STRING='sqlcipher 3.7.17'
PACKAGE_TARNAME='sqlcipher'
PACKAGE_URL=''
PACKAGE_VERSION='3.7.17'
PATH_SEPARATOR=':'
RANLIB='ranlib'
RELEASE='3.7.17'
SED='/usr/bin/sed'
SHELL='/bin/sh'
SQLITE_OS_OS2='0'
SQLITE_OS_UNIX='1'
SQLITE_OS_WIN='0'
SQLITE_THREADSAFE='1'
STRIP='strip'
TARGET_DEBUG='-DNDEBUG'
TARGET_EXEEXT=''
TARGET_HAVE_READLINE='1'
TARGET_READLINE_INC='-I/usr/include/readline'
TARGET_READLINE_LIBS='-lreadline -lncurses '
TCLLIBDIR='/System/Library/Frameworks/Tcl.framework/Versions/8.5/Resources/Scripts/sqlite3'
TCLSH_CMD='tclsh8.5'
TCL_BIN_DIR='/usr/lib'
TCL_INCLUDE_SPEC='-I/System/Library/Frameworks/Tcl.framework/Versions/8.5/Headers'
TCL_LIB_FILE='Tcl'
TCL_LIB_FLAG='-framework Tcl'
TCL_LIB_SPEC='-F/System/Library/Frameworks -framework Tcl'
TCL_SRC_DIR='/SourceCache/tcl/tcl-97.1/tcl/tcl'
TCL_STUB_LIB_FILE='libtclstub8.5.a'
TCL_STUB_LIB_FLAG='-ltclstub8.5'
TCL_STUB_LIB_SPEC='-L/System/Library/Frameworks/Tcl.framework/Versions/8.5 -ltclstub8.5'
TCL_VERSION='8.5'
TEMP_STORE='2'
USE_AMALGAMATION='1'
USE_GCOV='0'
VERSION='3.7'
VERSION_NUMBER='3007017'
XTHREADCONNECT=''
ac_ct_CC='/usr/bin/gcc'
ac_ct_DUMPBIN=''
bindir='${exec_prefix}/bin'
build='i386-apple-darwin12.4.0'
build_alias=''
build_cpu='i386'
build_os='darwin12.4.0'
build_vendor='apple'
datadir='${datarootdir}'
datarootdir='${prefix}/share'
docdir='${datarootdir}/doc/${PACKAGE_TARNAME}'
dvidir='${docdir}'
exec_prefix='${prefix}'
host='MacMini'
host_alias=''
host_cpu='i386'
host_os='darwin12.4.0'
host_vendor='apple'
htmldir='${docdir}'
includedir='${prefix}/include'
infodir='${datarootdir}/info'
libdir='${exec_prefix}/lib'
libexecdir='${exec_prefix}/libexec'
localedir='${datarootdir}/locale'
localstatedir='${prefix}/var'
lt_ECHO='echo'
mandir='${datarootdir}/man'
oldincludedir='/usr/include'
pdfdir='${docdir}'
prefix='/usr/local'
program_prefix=''
program_transform_name='s,x,x,'
psdir='${docdir}'
sbindir='${exec_prefix}/sbin'
sharedstatedir='${prefix}/com'
sysconfdir='${prefix}/etc'
target_alias=''

## ----------- ##
## confdefs.h. ##
## ----------- ##

/* confdefs.h */
#define PACKAGE_NAME "sqlcipher"
#define PACKAGE_TARNAME "sqlcipher"
#define PACKAGE_VERSION "3.7.17"
#define PACKAGE_STRING "sqlcipher 3.7.17"
#define PACKAGE_BUGREPORT ""
#define PACKAGE_URL ""
#define STDC_HEADERS 1
#define HAVE_SYS_TYPES_H 1
#define HAVE_SYS_STAT_H 1
#define HAVE_STDLIB_H 1
#define HAVE_STRING_H 1
#define HAVE_MEMORY_H 1
#define HAVE_STRINGS_H 1
#define HAVE_INTTYPES_H 1
#define HAVE_STDINT_H 1
#define HAVE_UNISTD_H 1
#define HAVE_DLFCN_H 1
#define LT_OBJDIR ".libs/"
#define HAVE_INT8_T 1
#define HAVE_INT16_T 1
#define HAVE_INT32_T 1
#define HAVE_INT64_T 1
#define HAVE_INTPTR_T 1
#define HAVE_UINT8_T 1
#define HAVE_UINT16_T 1
#define HAVE_UINT32_T 1
#define HAVE_UINT64_T 1
#define HAVE_UINTPTR_T 1
#define HAVE_SYS_TYPES_H 1
#define HAVE_STDLIB_H 1
#define HAVE_STDINT_H 1
#define HAVE_INTTYPES_H 1
#define HAVE_USLEEP 1
#define HAVE_FDATASYNC 1
#define HAVE_LOCALTIME_R 1
#define HAVE_GMTIME_R 1
#define HAVE_UTIME 1
#define HAVE_LIBCRYPTO 1

configure: exit 0
